[0.378s] DEBUG:colcon:Command line arguments: ['/usr/bin/colcon', 'build']
[0.378s] DEBUG:colcon:Parsed command line arguments: Namespace(log_base=None, log_level=None, verb_name='build', build_base='build', install_base='install', merge_install=False, symlink_install=False, test_result_base=None, continue_on_error=False, executor='parallel', parallel_workers=6, event_handlers=None, ignore_user_meta=False, metas=['./colcon.meta'], base_paths=['.'], packages_ignore=None, packages_ignore_regex=None, paths=None, packages_up_to=None, packages_up_to_regex=None, packages_above=None, packages_above_and_dependencies=None, packages_above_depth=None, packages_select_by_dep=None, packages_skip_by_dep=None, packages_skip_up_to=None, packages_select_build_failed=False, packages_skip_build_finished=False, packages_select_test_failures=False, packages_skip_test_passed=False, packages_select=None, packages_skip=None, packages_select_regex=None, packages_skip_regex=None, packages_start=None, packages_end=None, allow_overriding=[], cmake_args=None, cmake_target=None, cmake_target_skip_unavailable=False, cmake_clean_cache=False, cmake_clean_first=False, cmake_force_configure=False, ament_cmake_args=None, catkin_cmake_args=None, catkin_skip_building_tests=False, mixin_files=None, mixin=None, verb_parser=<colcon_mixin.mixin.mixin_argument.MixinArgumentDecorator object at 0xffff7ff48df0>, verb_extension=<colcon_core.verb.build.BuildVerb object at 0xffff80051db0>, main=<bound method BuildVerb.main of <colcon_core.verb.build.BuildVerb object at 0xffff80051db0>>, mixin_verb=('build',))
[0.793s] Level 1:colcon.colcon_core.package_discovery:discover_packages(colcon_meta) check parameters
[0.794s] Level 1:colcon.colcon_core.package_discovery:discover_packages(recursive) check parameters
[0.794s] Level 1:colcon.colcon_core.package_discovery:discover_packages(ignore) check parameters
[0.794s] Level 1:colcon.colcon_core.package_discovery:discover_packages(path) check parameters
[0.794s] Level 1:colcon.colcon_core.package_discovery:discover_packages(colcon_meta) discover
[0.794s] Level 1:colcon.colcon_core.package_discovery:discover_packages(recursive) discover
[0.794s] INFO:colcon.colcon_core.package_discovery:Crawling recursively for packages in '/ros_workspace_2025/ros2_docker/testing_ws'
[0.795s] Level 1:colcon.colcon_core.package_identification:_identify(.) by extensions ['ignore', 'ignore_ament_install']
[0.795s] Level 1:colcon.colcon_core.package_identification:_identify(.) by extension 'ignore'
[0.795s] Level 1:colcon.colcon_core.package_identification:_identify(.) by extension 'ignore_ament_install'
[0.795s] Level 1:colcon.colcon_core.package_identification:_identify(.) by extensions ['colcon_pkg']
[0.795s] Level 1:colcon.colcon_core.package_identification:_identify(.) by extension 'colcon_pkg'
[0.796s] Level 1:colcon.colcon_core.package_identification:_identify(.) by extensions ['colcon_meta']
[0.796s] Level 1:colcon.colcon_core.package_identification:_identify(.) by extension 'colcon_meta'
[0.796s] Level 1:colcon.colcon_core.package_identification:_identify(.) by extensions ['ros']
[0.796s] Level 1:colcon.colcon_core.package_identification:_identify(.) by extension 'ros'
[0.823s] Level 1:colcon.colcon_core.package_identification:_identify(.) by extensions ['cmake', 'python']
[0.823s] Level 1:colcon.colcon_core.package_identification:_identify(.) by extension 'cmake'
[0.823s] Level 1:colcon.colcon_core.package_identification:_identify(.) by extension 'python'
[0.823s] Level 1:colcon.colcon_core.package_identification:_identify(.) by extensions ['python_setup_py']
[0.823s] Level 1:colcon.colcon_core.package_identification:_identify(.) by extension 'python_setup_py'
[0.824s] Level 1:colcon.colcon_core.package_identification:_identify(build) by extensions ['ignore', 'ignore_ament_install']
[0.824s] Level 1:colcon.colcon_core.package_identification:_identify(build) by extension 'ignore'
[0.824s] Level 1:colcon.colcon_core.package_identification:_identify(build) ignored
[0.824s] Level 1:colcon.colcon_core.package_identification:_identify(install) by extensions ['ignore', 'ignore_ament_install']
[0.825s] Level 1:colcon.colcon_core.package_identification:_identify(install) by extension 'ignore'
[0.825s] Level 1:colcon.colcon_core.package_identification:_identify(install) ignored
[0.825s] Level 1:colcon.colcon_core.package_identification:_identify(log) by extensions ['ignore', 'ignore_ament_install']
[0.825s] Level 1:colcon.colcon_core.package_identification:_identify(log) by extension 'ignore'
[0.825s] Level 1:colcon.colcon_core.package_identification:_identify(log) ignored
[0.826s] Level 1:colcon.colcon_core.package_identification:_identify(src) by extensions ['ignore', 'ignore_ament_install']
[0.826s] Level 1:colcon.colcon_core.package_identification:_identify(src) by extension 'ignore'
[0.826s] Level 1:colcon.colcon_core.package_identification:_identify(src) by extension 'ignore_ament_install'
[0.826s] Level 1:colcon.colcon_core.package_identification:_identify(src) by extensions ['colcon_pkg']
[0.826s] Level 1:colcon.colcon_core.package_identification:_identify(src) by extension 'colcon_pkg'
[0.826s] Level 1:colcon.colcon_core.package_identification:_identify(src) by extensions ['colcon_meta']
[0.826s] Level 1:colcon.colcon_core.package_identification:_identify(src) by extension 'colcon_meta'
[0.826s] Level 1:colcon.colcon_core.package_identification:_identify(src) by extensions ['ros']
[0.826s] Level 1:colcon.colcon_core.package_identification:_identify(src) by extension 'ros'
[0.827s] Level 1:colcon.colcon_core.package_identification:_identify(src) by extensions ['cmake', 'python']
[0.827s] Level 1:colcon.colcon_core.package_identification:_identify(src) by extension 'cmake'
[0.827s] Level 1:colcon.colcon_core.package_identification:_identify(src) by extension 'python'
[0.827s] Level 1:colcon.colcon_core.package_identification:_identify(src) by extensions ['python_setup_py']
[0.827s] Level 1:colcon.colcon_core.package_identification:_identify(src) by extension 'python_setup_py'
[0.827s] Level 1:colcon.colcon_core.package_identification:_identify(src/main) by extensions ['ignore', 'ignore_ament_install']
[0.827s] Level 1:colcon.colcon_core.package_identification:_identify(src/main) by extension 'ignore'
[0.828s] Level 1:colcon.colcon_core.package_identification:_identify(src/main) by extension 'ignore_ament_install'
[0.828s] Level 1:colcon.colcon_core.package_identification:_identify(src/main) by extensions ['colcon_pkg']
[0.828s] Level 1:colcon.colcon_core.package_identification:_identify(src/main) by extension 'colcon_pkg'
[0.828s] Level 1:colcon.colcon_core.package_identification:_identify(src/main) by extensions ['colcon_meta']
[0.828s] Level 1:colcon.colcon_core.package_identification:_identify(src/main) by extension 'colcon_meta'
[0.828s] Level 1:colcon.colcon_core.package_identification:_identify(src/main) by extensions ['ros']
[0.828s] Level 1:colcon.colcon_core.package_identification:_identify(src/main) by extension 'ros'
[0.834s] DEBUG:colcon.colcon_core.package_identification:Package 'src/main' with type 'ros.ament_python' and name 'main'
[0.834s] Level 1:colcon.colcon_core.package_identification:_identify(src/px4_msgs) by extensions ['ignore', 'ignore_ament_install']
[0.835s] Level 1:colcon.colcon_core.package_identification:_identify(src/px4_msgs) by extension 'ignore'
[0.835s] Level 1:colcon.colcon_core.package_identification:_identify(src/px4_msgs) by extension 'ignore_ament_install'
[0.835s] Level 1:colcon.colcon_core.package_identification:_identify(src/px4_msgs) by extensions ['colcon_pkg']
[0.835s] Level 1:colcon.colcon_core.package_identification:_identify(src/px4_msgs) by extension 'colcon_pkg'
[0.835s] Level 1:colcon.colcon_core.package_identification:_identify(src/px4_msgs) by extensions ['colcon_meta']
[0.835s] Level 1:colcon.colcon_core.package_identification:_identify(src/px4_msgs) by extension 'colcon_meta'
[0.835s] Level 1:colcon.colcon_core.package_identification:_identify(src/px4_msgs) by extensions ['ros']
[0.836s] Level 1:colcon.colcon_core.package_identification:_identify(src/px4_msgs) by extension 'ros'
[0.837s] DEBUG:colcon.colcon_core.package_identification:Package 'src/px4_msgs' with type 'ros.ament_cmake' and name 'px4_msgs'
[0.837s] Level 1:colcon.colcon_core.package_discovery:discover_packages(recursive) using defaults
[0.837s] Level 1:colcon.colcon_core.package_discovery:discover_packages(ignore) discover
[0.837s] Level 1:colcon.colcon_core.package_discovery:discover_packages(ignore) using defaults
[0.838s] Level 1:colcon.colcon_core.package_discovery:discover_packages(path) discover
[0.838s] Level 1:colcon.colcon_core.package_discovery:discover_packages(path) using defaults
[0.890s] Level 1:colcon.colcon_core.package_discovery:discover_packages(prefix_path) check parameters
[0.890s] Level 1:colcon.colcon_core.package_discovery:discover_packages(prefix_path) discover
[0.900s] DEBUG:colcon.colcon_installed_package_information.package_discovery:Found 271 installed packages in /opt/ros/humble
[0.928s] Level 1:colcon.colcon_core.package_discovery:discover_packages(prefix_path) using defaults
[1.007s] Level 5:colcon.colcon_core.verb:set package 'main' build argument 'cmake_args' from command line to 'None'
[1.007s] Level 5:colcon.colcon_core.verb:set package 'main' build argument 'cmake_target' from command line to 'None'
[1.008s] Level 5:colcon.colcon_core.verb:set package 'main' build argument 'cmake_target_skip_unavailable' from command line to 'False'
[1.008s] Level 5:colcon.colcon_core.verb:set package 'main' build argument 'cmake_clean_cache' from command line to 'False'
[1.008s] Level 5:colcon.colcon_core.verb:set package 'main' build argument 'cmake_clean_first' from command line to 'False'
[1.008s] Level 5:colcon.colcon_core.verb:set package 'main' build argument 'cmake_force_configure' from command line to 'False'
[1.008s] Level 5:colcon.colcon_core.verb:set package 'main' build argument 'ament_cmake_args' from command line to 'None'
[1.008s] Level 5:colcon.colcon_core.verb:set package 'main' build argument 'catkin_cmake_args' from command line to 'None'
[1.008s] Level 5:colcon.colcon_core.verb:set package 'main' build argument 'catkin_skip_building_tests' from command line to 'False'
[1.008s] DEBUG:colcon.colcon_core.verb:Building package 'main' with the following arguments: {'ament_cmake_args': None, 'build_base': '/ros_workspace_2025/ros2_docker/testing_ws/build/main', 'catkin_cmake_args': None, 'catkin_skip_building_tests': False, 'cmake_args': None, 'cmake_clean_cache': False, 'cmake_clean_first': False, 'cmake_force_configure': False, 'cmake_target': None, 'cmake_target_skip_unavailable': False, 'install_base': '/ros_workspace_2025/ros2_docker/testing_ws/install/main', 'merge_install': False, 'path': '/ros_workspace_2025/ros2_docker/testing_ws/src/main', 'symlink_install': False, 'test_result_base': None}
[1.009s] Level 5:colcon.colcon_core.verb:set package 'px4_msgs' build argument 'cmake_args' from command line to 'None'
[1.009s] Level 5:colcon.colcon_core.verb:set package 'px4_msgs' build argument 'cmake_target' from command line to 'None'
[1.009s] Level 5:colcon.colcon_core.verb:set package 'px4_msgs' build argument 'cmake_target_skip_unavailable' from command line to 'False'
[1.009s] Level 5:colcon.colcon_core.verb:set package 'px4_msgs' build argument 'cmake_clean_cache' from command line to 'False'
[1.009s] Level 5:colcon.colcon_core.verb:set package 'px4_msgs' build argument 'cmake_clean_first' from command line to 'False'
[1.009s] Level 5:colcon.colcon_core.verb:set package 'px4_msgs' build argument 'cmake_force_configure' from command line to 'False'
[1.009s] Level 5:colcon.colcon_core.verb:set package 'px4_msgs' build argument 'ament_cmake_args' from command line to 'None'
[1.009s] Level 5:colcon.colcon_core.verb:set package 'px4_msgs' build argument 'catkin_cmake_args' from command line to 'None'
[1.009s] Level 5:colcon.colcon_core.verb:set package 'px4_msgs' build argument 'catkin_skip_building_tests' from command line to 'False'
[1.009s] DEBUG:colcon.colcon_core.verb:Building package 'px4_msgs' with the following arguments: {'ament_cmake_args': None, 'build_base': '/ros_workspace_2025/ros2_docker/testing_ws/build/px4_msgs', 'catkin_cmake_args': None, 'catkin_skip_building_tests': False, 'cmake_args': None, 'cmake_clean_cache': False, 'cmake_clean_first': False, 'cmake_force_configure': False, 'cmake_target': None, 'cmake_target_skip_unavailable': False, 'install_base': '/ros_workspace_2025/ros2_docker/testing_ws/install/px4_msgs', 'merge_install': False, 'path': '/ros_workspace_2025/ros2_docker/testing_ws/src/px4_msgs', 'symlink_install': False, 'test_result_base': None}
[1.010s] INFO:colcon.colcon_core.executor:Executing jobs using 'parallel' executor
[1.012s] DEBUG:colcon.colcon_parallel_executor.executor.parallel:run_until_complete
[1.013s] INFO:colcon.colcon_ros.task.ament_python.build:Building ROS package in '/ros_workspace_2025/ros2_docker/testing_ws/src/main' with build type 'ament_python'
[1.013s] Level 1:colcon.colcon_core.shell:create_environment_hook('main', 'ament_prefix_path')
[1.020s] INFO:colcon.colcon_core.plugin_system:Skipping extension 'colcon_core.shell.bat': Not used on non-Windows systems
[1.021s] INFO:colcon.colcon_core.shell:Creating environment hook '/ros_workspace_2025/ros2_docker/testing_ws/install/main/share/main/hook/ament_prefix_path.ps1'
[1.023s] INFO:colcon.colcon_core.shell:Creating environment descriptor '/ros_workspace_2025/ros2_docker/testing_ws/install/main/share/main/hook/ament_prefix_path.dsv'
[1.024s] INFO:colcon.colcon_core.shell:Creating environment hook '/ros_workspace_2025/ros2_docker/testing_ws/install/main/share/main/hook/ament_prefix_path.sh'
[1.026s] INFO:colcon.colcon_core.shell:Skip shell extension 'powershell' for command environment: Not usable outside of PowerShell
[1.026s] DEBUG:colcon.colcon_core.shell:Skip shell extension 'dsv' for command environment
[1.032s] INFO:colcon.colcon_ros.task.ament_cmake.build:Building ROS package in '/ros_workspace_2025/ros2_docker/testing_ws/src/px4_msgs' with build type 'ament_cmake'
[1.032s] INFO:colcon.colcon_cmake.task.cmake.build:Building CMake package in '/ros_workspace_2025/ros2_docker/testing_ws/src/px4_msgs'
[1.033s] INFO:colcon.colcon_core.shell:Skip shell extension 'powershell' for command environment: Not usable outside of PowerShell
[1.033s] DEBUG:colcon.colcon_core.shell:Skip shell extension 'dsv' for command environment
[1.589s] INFO:colcon.colcon_core.task.python.build:Building Python package in '/ros_workspace_2025/ros2_docker/testing_ws/src/main'
[1.590s] INFO:colcon.colcon_core.shell:Skip shell extension 'powershell' for command environment: Not usable outside of PowerShell
[1.590s] DEBUG:colcon.colcon_core.shell:Skip shell extension 'dsv' for command environment
[1.603s] DEBUG:colcon.colcon_core.event_handler.log_command:Invoking command in '/ros_workspace_2025/ros2_docker/testing_ws/build/px4_msgs': CMAKE_PREFIX_PATH=/opt/ros/humble /usr/bin/cmake --build /ros_workspace_2025/ros2_docker/testing_ws/build/px4_msgs -- -j6 -l6
[2.337s] DEBUG:colcon.colcon_core.event_handler.log_command:Invoking command in '/ros_workspace_2025/ros2_docker/testing_ws/src/main': PYTHONPATH=/ros_workspace_2025/ros2_docker/testing_ws/build/main/prefix_override:/usr/lib/python3/dist-packages/colcon_core/task/python/colcon_distutils_commands:/ros_workspace_2025/ros2_docker/testing_ws/install/main/lib/python3.10/site-packages:${PYTHONPATH} /usr/bin/python3 -W ignore:setup.py install is deprecated -W ignore:easy_install command is deprecated setup.py egg_info --egg-base ../../build/main build --build-base /ros_workspace_2025/ros2_docker/testing_ws/build/main/build install --record /ros_workspace_2025/ros2_docker/testing_ws/build/main/install.log --single-version-externally-managed install_data
[3.067s] DEBUG:colcon.colcon_core.event_handler.log_command:Invoked command in '/ros_workspace_2025/ros2_docker/testing_ws/src/main' returned '0': PYTHONPATH=/ros_workspace_2025/ros2_docker/testing_ws/build/main/prefix_override:/usr/lib/python3/dist-packages/colcon_core/task/python/colcon_distutils_commands:/ros_workspace_2025/ros2_docker/testing_ws/install/main/lib/python3.10/site-packages:${PYTHONPATH} /usr/bin/python3 -W ignore:setup.py install is deprecated -W ignore:easy_install command is deprecated setup.py egg_info --egg-base ../../build/main build --build-base /ros_workspace_2025/ros2_docker/testing_ws/build/main/build install --record /ros_workspace_2025/ros2_docker/testing_ws/build/main/install.log --single-version-externally-managed install_data
[3.079s] Level 1:colcon.colcon_core.environment:checking '/ros_workspace_2025/ros2_docker/testing_ws/install/main' for CMake module files
[3.080s] Level 1:colcon.colcon_core.environment:checking '/ros_workspace_2025/ros2_docker/testing_ws/install/main' for CMake config files
[3.083s] Level 1:colcon.colcon_core.environment:checking '/ros_workspace_2025/ros2_docker/testing_ws/install/main/lib'
[3.083s] Level 1:colcon.colcon_core.environment:checking '/ros_workspace_2025/ros2_docker/testing_ws/install/main/bin'
[3.084s] Level 1:colcon.colcon_core.environment:checking '/ros_workspace_2025/ros2_docker/testing_ws/install/main/lib/pkgconfig/main.pc'
[3.084s] Level 1:colcon.colcon_core.environment:checking '/ros_workspace_2025/ros2_docker/testing_ws/install/main/lib/python3.10/site-packages'
[3.084s] Level 1:colcon.colcon_core.shell:create_environment_hook('main', 'pythonpath')
[3.085s] INFO:colcon.colcon_core.shell:Creating environment hook '/ros_workspace_2025/ros2_docker/testing_ws/install/main/share/main/hook/pythonpath.ps1'
[3.088s] INFO:colcon.colcon_core.shell:Creating environment descriptor '/ros_workspace_2025/ros2_docker/testing_ws/install/main/share/main/hook/pythonpath.dsv'
[3.089s] INFO:colcon.colcon_core.shell:Creating environment hook '/ros_workspace_2025/ros2_docker/testing_ws/install/main/share/main/hook/pythonpath.sh'
[3.091s] Level 1:colcon.colcon_core.environment:checking '/ros_workspace_2025/ros2_docker/testing_ws/install/main/bin'
[3.092s] Level 1:colcon.colcon_core.environment:create_environment_scripts_only(main)
[3.092s] INFO:colcon.colcon_core.shell:Creating package script '/ros_workspace_2025/ros2_docker/testing_ws/install/main/share/main/package.ps1'
[3.097s] INFO:colcon.colcon_core.shell:Creating package descriptor '/ros_workspace_2025/ros2_docker/testing_ws/install/main/share/main/package.dsv'
[3.100s] INFO:colcon.colcon_core.shell:Creating package script '/ros_workspace_2025/ros2_docker/testing_ws/install/main/share/main/package.sh'
[3.103s] INFO:colcon.colcon_core.shell:Creating package script '/ros_workspace_2025/ros2_docker/testing_ws/install/main/share/main/package.bash'
[3.107s] INFO:colcon.colcon_core.shell:Creating package script '/ros_workspace_2025/ros2_docker/testing_ws/install/main/share/main/package.zsh'
[3.111s] Level 1:colcon.colcon_core.environment:create_file_with_runtime_dependencies(/ros_workspace_2025/ros2_docker/testing_ws/install/main/share/colcon-core/packages/main)
[4.636s] DEBUG:colcon.colcon_core.event_handler.log_command:Invoked command in '/ros_workspace_2025/ros2_docker/testing_ws/build/px4_msgs' returned '0': CMAKE_PREFIX_PATH=/opt/ros/humble /usr/bin/cmake --build /ros_workspace_2025/ros2_docker/testing_ws/build/px4_msgs -- -j6 -l6
[4.658s] DEBUG:colcon.colcon_core.event_handler.log_command:Invoking command in '/ros_workspace_2025/ros2_docker/testing_ws/build/px4_msgs': CMAKE_PREFIX_PATH=/opt/ros/humble /usr/bin/cmake --install /ros_workspace_2025/ros2_docker/testing_ws/build/px4_msgs
[5.347s] Level 1:colcon.colcon_core.environment:create_environment_scripts_only(px4_msgs)
[5.348s] Level 1:colcon.colcon_core.environment:checking '/ros_workspace_2025/ros2_docker/testing_ws/install/px4_msgs' for CMake module files
[5.352s] Level 1:colcon.colcon_core.environment:checking '/ros_workspace_2025/ros2_docker/testing_ws/install/px4_msgs' for CMake config files
[5.362s] Level 1:colcon.colcon_core.shell:create_environment_hook('px4_msgs', 'cmake_prefix_path')
[5.362s] INFO:colcon.colcon_core.shell:Creating environment hook '/ros_workspace_2025/ros2_docker/testing_ws/install/px4_msgs/share/px4_msgs/hook/cmake_prefix_path.ps1'
[5.364s] INFO:colcon.colcon_core.shell:Creating environment descriptor '/ros_workspace_2025/ros2_docker/testing_ws/install/px4_msgs/share/px4_msgs/hook/cmake_prefix_path.dsv'
[5.365s] INFO:colcon.colcon_core.shell:Creating environment hook '/ros_workspace_2025/ros2_docker/testing_ws/install/px4_msgs/share/px4_msgs/hook/cmake_prefix_path.sh'
[5.367s] Level 1:colcon.colcon_core.environment:checking '/ros_workspace_2025/ros2_docker/testing_ws/install/px4_msgs/lib'
[5.367s] Level 1:colcon.colcon_core.shell:create_environment_hook('px4_msgs', 'ld_library_path_lib')
[5.368s] INFO:colcon.colcon_core.shell:Creating environment hook '/ros_workspace_2025/ros2_docker/testing_ws/install/px4_msgs/share/px4_msgs/hook/ld_library_path_lib.ps1'
[5.369s] INFO:colcon.colcon_core.shell:Creating environment descriptor '/ros_workspace_2025/ros2_docker/testing_ws/install/px4_msgs/share/px4_msgs/hook/ld_library_path_lib.dsv'
[5.371s] INFO:colcon.colcon_core.shell:Creating environment hook '/ros_workspace_2025/ros2_docker/testing_ws/install/px4_msgs/share/px4_msgs/hook/ld_library_path_lib.sh'
[5.372s] Level 1:colcon.colcon_core.environment:checking '/ros_workspace_2025/ros2_docker/testing_ws/install/px4_msgs/bin'
[5.372s] Level 1:colcon.colcon_core.environment:checking '/ros_workspace_2025/ros2_docker/testing_ws/install/px4_msgs/lib/pkgconfig/px4_msgs.pc'
[5.373s] Level 1:colcon.colcon_core.environment:checking '/ros_workspace_2025/ros2_docker/testing_ws/install/px4_msgs/lib/python3.10/site-packages'
[5.373s] Level 1:colcon.colcon_core.environment:checking '/ros_workspace_2025/ros2_docker/testing_ws/install/px4_msgs/bin'
[5.374s] INFO:colcon.colcon_core.shell:Creating package script '/ros_workspace_2025/ros2_docker/testing_ws/install/px4_msgs/share/px4_msgs/package.ps1'
[5.375s] INFO:colcon.colcon_core.shell:Creating package descriptor '/ros_workspace_2025/ros2_docker/testing_ws/install/px4_msgs/share/px4_msgs/package.dsv'
[5.377s] INFO:colcon.colcon_core.shell:Creating package script '/ros_workspace_2025/ros2_docker/testing_ws/install/px4_msgs/share/px4_msgs/package.sh'
[5.378s] INFO:colcon.colcon_core.shell:Creating package script '/ros_workspace_2025/ros2_docker/testing_ws/install/px4_msgs/share/px4_msgs/package.bash'
[5.379s] INFO:colcon.colcon_core.shell:Creating package script '/ros_workspace_2025/ros2_docker/testing_ws/install/px4_msgs/share/px4_msgs/package.zsh'
[5.381s] Level 1:colcon.colcon_core.environment:create_file_with_runtime_dependencies(/ros_workspace_2025/ros2_docker/testing_ws/install/px4_msgs/share/colcon-core/packages/px4_msgs)
[5.383s] Level 1:colcon.colcon_core.environment:create_environment_scripts_only(px4_msgs)
[5.383s] Level 1:colcon.colcon_core.environment:checking '/ros_workspace_2025/ros2_docker/testing_ws/install/px4_msgs' for CMake module files
[5.386s] Level 1:colcon.colcon_core.environment:checking '/ros_workspace_2025/ros2_docker/testing_ws/install/px4_msgs' for CMake config files
[5.395s] Level 1:colcon.colcon_core.shell:create_environment_hook('px4_msgs', 'cmake_prefix_path')
[5.396s] INFO:colcon.colcon_core.shell:Creating environment hook '/ros_workspace_2025/ros2_docker/testing_ws/install/px4_msgs/share/px4_msgs/hook/cmake_prefix_path.ps1'
[5.397s] INFO:colcon.colcon_core.shell:Creating environment descriptor '/ros_workspace_2025/ros2_docker/testing_ws/install/px4_msgs/share/px4_msgs/hook/cmake_prefix_path.dsv'
[5.398s] INFO:colcon.colcon_core.shell:Creating environment hook '/ros_workspace_2025/ros2_docker/testing_ws/install/px4_msgs/share/px4_msgs/hook/cmake_prefix_path.sh'
[5.400s] Level 1:colcon.colcon_core.environment:checking '/ros_workspace_2025/ros2_docker/testing_ws/install/px4_msgs/lib'
[5.400s] Level 1:colcon.colcon_core.shell:create_environment_hook('px4_msgs', 'ld_library_path_lib')
[5.401s] INFO:colcon.colcon_core.shell:Creating environment hook '/ros_workspace_2025/ros2_docker/testing_ws/install/px4_msgs/share/px4_msgs/hook/ld_library_path_lib.ps1'
[5.402s] INFO:colcon.colcon_core.shell:Creating environment descriptor '/ros_workspace_2025/ros2_docker/testing_ws/install/px4_msgs/share/px4_msgs/hook/ld_library_path_lib.dsv'
[5.403s] INFO:colcon.colcon_core.shell:Creating environment hook '/ros_workspace_2025/ros2_docker/testing_ws/install/px4_msgs/share/px4_msgs/hook/ld_library_path_lib.sh'
[5.405s] Level 1:colcon.colcon_core.environment:checking '/ros_workspace_2025/ros2_docker/testing_ws/install/px4_msgs/bin'
[5.405s] Level 1:colcon.colcon_core.environment:checking '/ros_workspace_2025/ros2_docker/testing_ws/install/px4_msgs/lib/pkgconfig/px4_msgs.pc'
[5.406s] Level 1:colcon.colcon_core.environment:checking '/ros_workspace_2025/ros2_docker/testing_ws/install/px4_msgs/lib/python3.10/site-packages'
[5.406s] Level 1:colcon.colcon_core.environment:checking '/ros_workspace_2025/ros2_docker/testing_ws/install/px4_msgs/bin'
[5.407s] INFO:colcon.colcon_core.shell:Creating package script '/ros_workspace_2025/ros2_docker/testing_ws/install/px4_msgs/share/px4_msgs/package.ps1'
[5.409s] INFO:colcon.colcon_core.shell:Creating package descriptor '/ros_workspace_2025/ros2_docker/testing_ws/install/px4_msgs/share/px4_msgs/package.dsv'
[5.411s] INFO:colcon.colcon_core.shell:Creating package script '/ros_workspace_2025/ros2_docker/testing_ws/install/px4_msgs/share/px4_msgs/package.sh'
[5.412s] INFO:colcon.colcon_core.shell:Creating package script '/ros_workspace_2025/ros2_docker/testing_ws/install/px4_msgs/share/px4_msgs/package.bash'
[5.414s] INFO:colcon.colcon_core.shell:Creating package script '/ros_workspace_2025/ros2_docker/testing_ws/install/px4_msgs/share/px4_msgs/package.zsh'
[5.415s] Level 1:colcon.colcon_core.environment:create_file_with_runtime_dependencies(/ros_workspace_2025/ros2_docker/testing_ws/install/px4_msgs/share/colcon-core/packages/px4_msgs)
[5.416s] DEBUG:colcon.colcon_parallel_executor.executor.parallel:closing loop
[5.417s] DEBUG:colcon.colcon_parallel_executor.executor.parallel:loop closed
[5.417s] DEBUG:colcon.colcon_parallel_executor.executor.parallel:run_until_complete finished with '0'
[5.417s] DEBUG:colcon.colcon_core.event_reactor:joining thread
[5.443s] DEBUG:colcon.colcon_core.event_handler.log_command:Invoked command in '/ros_workspace_2025/ros2_docker/testing_ws/build/px4_msgs' returned '0': CMAKE_PREFIX_PATH=/opt/ros/humble /usr/bin/cmake --install /ros_workspace_2025/ros2_docker/testing_ws/build/px4_msgs
[5.463s] INFO:colcon.colcon_core.plugin_system:Skipping extension 'colcon_notification.desktop_notification.notify_send': Could not find 'notify-send'
[5.463s] INFO:colcon.colcon_core.plugin_system:Skipping extension 'colcon_notification.desktop_notification.terminal_notifier': Not used on non-Darwin systems
[5.463s] INFO:colcon.colcon_core.plugin_system:Skipping extension 'colcon_notification.desktop_notification.win32': Not used on non-Windows systems
[5.463s] INFO:colcon.colcon_notification.desktop_notification:Sending desktop notification using 'notify2'
[5.463s] DEBUG:colcon.colcon_notification.desktop_notification.notify2:Failed to initialize notify2: org.freedesktop.DBus.Error.NotSupported: Unable to autolaunch a dbus-daemon without a $DISPLAY for X11
[5.464s] DEBUG:colcon.colcon_core.event_reactor:joined thread
[5.464s] INFO:colcon.colcon_core.shell:Creating prefix script '/ros_workspace_2025/ros2_docker/testing_ws/install/local_setup.ps1'
[5.467s] INFO:colcon.colcon_core.shell:Creating prefix util module '/ros_workspace_2025/ros2_docker/testing_ws/install/_local_setup_util_ps1.py'
[5.474s] INFO:colcon.colcon_core.shell:Creating prefix chain script '/ros_workspace_2025/ros2_docker/testing_ws/install/setup.ps1'
[5.477s] INFO:colcon.colcon_core.shell:Creating prefix script '/ros_workspace_2025/ros2_docker/testing_ws/install/local_setup.sh'
[5.479s] INFO:colcon.colcon_core.shell:Creating prefix util module '/ros_workspace_2025/ros2_docker/testing_ws/install/_local_setup_util_sh.py'
[5.481s] INFO:colcon.colcon_core.shell:Creating prefix chain script '/ros_workspace_2025/ros2_docker/testing_ws/install/setup.sh'
[5.485s] INFO:colcon.colcon_core.shell:Creating prefix script '/ros_workspace_2025/ros2_docker/testing_ws/install/local_setup.bash'
[5.487s] INFO:colcon.colcon_core.shell:Creating prefix chain script '/ros_workspace_2025/ros2_docker/testing_ws/install/setup.bash'
[5.491s] INFO:colcon.colcon_core.shell:Creating prefix script '/ros_workspace_2025/ros2_docker/testing_ws/install/local_setup.zsh'
[5.493s] INFO:colcon.colcon_core.shell:Creating prefix chain script '/ros_workspace_2025/ros2_docker/testing_ws/install/setup.zsh'
