[0.233s] DEBUG:colcon:Command line arguments: ['/usr/bin/colcon', 'build']
[0.233s] DEBUG:colcon:Parsed command line arguments: Namespace(log_base=None, log_level=None, verb_name='build', build_base='build', install_base='install', merge_install=False, symlink_install=False, test_result_base=None, continue_on_error=False, executor='parallel', parallel_workers=6, event_handlers=None, ignore_user_meta=False, metas=['./colcon.meta'], base_paths=['.'], packages_ignore=None, packages_ignore_regex=None, paths=None, packages_up_to=None, packages_up_to_regex=None, packages_above=None, packages_above_and_dependencies=None, packages_above_depth=None, packages_select_by_dep=None, packages_skip_by_dep=None, packages_skip_up_to=None, packages_select_build_failed=False, packages_skip_build_finished=False, packages_select_test_failures=False, packages_skip_test_passed=False, packages_select=None, packages_skip=None, packages_select_regex=None, packages_skip_regex=None, packages_start=None, packages_end=None, allow_overriding=[], cmake_args=None, cmake_target=None, cmake_target_skip_unavailable=False, cmake_clean_cache=False, cmake_clean_first=False, cmake_force_configure=False, ament_cmake_args=None, catkin_cmake_args=None, catkin_skip_building_tests=False, mixin_files=None, mixin=None, verb_parser=<colcon_mixin.mixin.mixin_argument.MixinArgumentDecorator object at 0xffff980e8df0>, verb_extension=<colcon_core.verb.build.BuildVerb object at 0xffff981eddb0>, main=<bound method BuildVerb.main of <colcon_core.verb.build.BuildVerb object at 0xffff981eddb0>>, mixin_verb=('build',))
[0.570s] Level 1:colcon.colcon_core.package_discovery:discover_packages(colcon_meta) check parameters
[0.571s] Level 1:colcon.colcon_core.package_discovery:discover_packages(recursive) check parameters
[0.571s] Level 1:colcon.colcon_core.package_discovery:discover_packages(ignore) check parameters
[0.571s] Level 1:colcon.colcon_core.package_discovery:discover_packages(path) check parameters
[0.571s] Level 1:colcon.colcon_core.package_discovery:discover_packages(colcon_meta) discover
[0.571s] Level 1:colcon.colcon_core.package_discovery:discover_packages(recursive) discover
[0.571s] INFO:colcon.colcon_core.package_discovery:Crawling recursively for packages in '/ros_workspace_2025/ros2_docker/testing_ws'
[0.572s] Level 1:colcon.colcon_core.package_identification:_identify(.) by extensions ['ignore', 'ignore_ament_install']
[0.572s] Level 1:colcon.colcon_core.package_identification:_identify(.) by extension 'ignore'
[0.572s] Level 1:colcon.colcon_core.package_identification:_identify(.) by extension 'ignore_ament_install'
[0.572s] Level 1:colcon.colcon_core.package_identification:_identify(.) by extensions ['colcon_pkg']
[0.572s] Level 1:colcon.colcon_core.package_identification:_identify(.) by extension 'colcon_pkg'
[0.572s] Level 1:colcon.colcon_core.package_identification:_identify(.) by extensions ['colcon_meta']
[0.572s] Level 1:colcon.colcon_core.package_identification:_identify(.) by extension 'colcon_meta'
[0.573s] Level 1:colcon.colcon_core.package_identification:_identify(.) by extensions ['ros']
[0.573s] Level 1:colcon.colcon_core.package_identification:_identify(.) by extension 'ros'
[0.596s] Level 1:colcon.colcon_core.package_identification:_identify(.) by extensions ['cmake', 'python']
[0.597s] Level 1:colcon.colcon_core.package_identification:_identify(.) by extension 'cmake'
[0.597s] Level 1:colcon.colcon_core.package_identification:_identify(.) by extension 'python'
[0.597s] Level 1:colcon.colcon_core.package_identification:_identify(.) by extensions ['python_setup_py']
[0.597s] Level 1:colcon.colcon_core.package_identification:_identify(.) by extension 'python_setup_py'
[0.597s] Level 1:colcon.colcon_core.package_identification:_identify(build) by extensions ['ignore', 'ignore_ament_install']
[0.597s] Level 1:colcon.colcon_core.package_identification:_identify(build) by extension 'ignore'
[0.598s] Level 1:colcon.colcon_core.package_identification:_identify(build) ignored
[0.598s] Level 1:colcon.colcon_core.package_identification:_identify(install) by extensions ['ignore', 'ignore_ament_install']
[0.598s] Level 1:colcon.colcon_core.package_identification:_identify(install) by extension 'ignore'
[0.598s] Level 1:colcon.colcon_core.package_identification:_identify(install) ignored
[0.599s] Level 1:colcon.colcon_core.package_identification:_identify(log) by extensions ['ignore', 'ignore_ament_install']
[0.599s] Level 1:colcon.colcon_core.package_identification:_identify(log) by extension 'ignore'
[0.599s] Level 1:colcon.colcon_core.package_identification:_identify(log) ignored
[0.599s] Level 1:colcon.colcon_core.package_identification:_identify(src) by extensions ['ignore', 'ignore_ament_install']
[0.599s] Level 1:colcon.colcon_core.package_identification:_identify(src) by extension 'ignore'
[0.599s] Level 1:colcon.colcon_core.package_identification:_identify(src) by extension 'ignore_ament_install'
[0.599s] Level 1:colcon.colcon_core.package_identification:_identify(src) by extensions ['colcon_pkg']
[0.600s] Level 1:colcon.colcon_core.package_identification:_identify(src) by extension 'colcon_pkg'
[0.600s] Level 1:colcon.colcon_core.package_identification:_identify(src) by extensions ['colcon_meta']
[0.600s] Level 1:colcon.colcon_core.package_identification:_identify(src) by extension 'colcon_meta'
[0.600s] Level 1:colcon.colcon_core.package_identification:_identify(src) by extensions ['ros']
[0.600s] Level 1:colcon.colcon_core.package_identification:_identify(src) by extension 'ros'
[0.600s] Level 1:colcon.colcon_core.package_identification:_identify(src) by extensions ['cmake', 'python']
[0.600s] Level 1:colcon.colcon_core.package_identification:_identify(src) by extension 'cmake'
[0.600s] Level 1:colcon.colcon_core.package_identification:_identify(src) by extension 'python'
[0.600s] Level 1:colcon.colcon_core.package_identification:_identify(src) by extensions ['python_setup_py']
[0.600s] Level 1:colcon.colcon_core.package_identification:_identify(src) by extension 'python_setup_py'
[0.601s] Level 1:colcon.colcon_core.package_identification:_identify(src/main) by extensions ['ignore', 'ignore_ament_install']
[0.601s] Level 1:colcon.colcon_core.package_identification:_identify(src/main) by extension 'ignore'
[0.601s] Level 1:colcon.colcon_core.package_identification:_identify(src/main) by extension 'ignore_ament_install'
[0.601s] Level 1:colcon.colcon_core.package_identification:_identify(src/main) by extensions ['colcon_pkg']
[0.601s] Level 1:colcon.colcon_core.package_identification:_identify(src/main) by extension 'colcon_pkg'
[0.601s] Level 1:colcon.colcon_core.package_identification:_identify(src/main) by extensions ['colcon_meta']
[0.601s] Level 1:colcon.colcon_core.package_identification:_identify(src/main) by extension 'colcon_meta'
[0.601s] Level 1:colcon.colcon_core.package_identification:_identify(src/main) by extensions ['ros']
[0.602s] Level 1:colcon.colcon_core.package_identification:_identify(src/main) by extension 'ros'
[0.607s] DEBUG:colcon.colcon_core.package_identification:Package 'src/main' with type 'ros.ament_python' and name 'main'
[0.607s] Level 1:colcon.colcon_core.package_identification:_identify(src/px4_msgs) by extensions ['ignore', 'ignore_ament_install']
[0.607s] Level 1:colcon.colcon_core.package_identification:_identify(src/px4_msgs) by extension 'ignore'
[0.607s] Level 1:colcon.colcon_core.package_identification:_identify(src/px4_msgs) by extension 'ignore_ament_install'
[0.607s] Level 1:colcon.colcon_core.package_identification:_identify(src/px4_msgs) by extensions ['colcon_pkg']
[0.608s] Level 1:colcon.colcon_core.package_identification:_identify(src/px4_msgs) by extension 'colcon_pkg'
[0.608s] Level 1:colcon.colcon_core.package_identification:_identify(src/px4_msgs) by extensions ['colcon_meta']
[0.608s] Level 1:colcon.colcon_core.package_identification:_identify(src/px4_msgs) by extension 'colcon_meta'
[0.608s] Level 1:colcon.colcon_core.package_identification:_identify(src/px4_msgs) by extensions ['ros']
[0.608s] Level 1:colcon.colcon_core.package_identification:_identify(src/px4_msgs) by extension 'ros'
[0.609s] DEBUG:colcon.colcon_core.package_identification:Package 'src/px4_msgs' with type 'ros.ament_cmake' and name 'px4_msgs'
[0.609s] Level 1:colcon.colcon_core.package_discovery:discover_packages(recursive) using defaults
[0.610s] Level 1:colcon.colcon_core.package_discovery:discover_packages(ignore) discover
[0.610s] Level 1:colcon.colcon_core.package_discovery:discover_packages(ignore) using defaults
[0.610s] Level 1:colcon.colcon_core.package_discovery:discover_packages(path) discover
[0.610s] Level 1:colcon.colcon_core.package_discovery:discover_packages(path) using defaults
[0.649s] Level 1:colcon.colcon_core.package_discovery:discover_packages(prefix_path) check parameters
[0.649s] Level 1:colcon.colcon_core.package_discovery:discover_packages(prefix_path) discover
[0.657s] DEBUG:colcon.colcon_installed_package_information.package_discovery:Found 271 installed packages in /opt/ros/humble
[0.686s] Level 1:colcon.colcon_core.package_discovery:discover_packages(prefix_path) using defaults
[0.763s] Level 5:colcon.colcon_core.verb:set package 'main' build argument 'cmake_args' from command line to 'None'
[0.763s] Level 5:colcon.colcon_core.verb:set package 'main' build argument 'cmake_target' from command line to 'None'
[0.764s] Level 5:colcon.colcon_core.verb:set package 'main' build argument 'cmake_target_skip_unavailable' from command line to 'False'
[0.764s] Level 5:colcon.colcon_core.verb:set package 'main' build argument 'cmake_clean_cache' from command line to 'False'
[0.764s] Level 5:colcon.colcon_core.verb:set package 'main' build argument 'cmake_clean_first' from command line to 'False'
[0.764s] Level 5:colcon.colcon_core.verb:set package 'main' build argument 'cmake_force_configure' from command line to 'False'
[0.764s] Level 5:colcon.colcon_core.verb:set package 'main' build argument 'ament_cmake_args' from command line to 'None'
[0.764s] Level 5:colcon.colcon_core.verb:set package 'main' build argument 'catkin_cmake_args' from command line to 'None'
[0.764s] Level 5:colcon.colcon_core.verb:set package 'main' build argument 'catkin_skip_building_tests' from command line to 'False'
[0.764s] DEBUG:colcon.colcon_core.verb:Building package 'main' with the following arguments: {'ament_cmake_args': None, 'build_base': '/ros_workspace_2025/ros2_docker/testing_ws/build/main', 'catkin_cmake_args': None, 'catkin_skip_building_tests': False, 'cmake_args': None, 'cmake_clean_cache': False, 'cmake_clean_first': False, 'cmake_force_configure': False, 'cmake_target': None, 'cmake_target_skip_unavailable': False, 'install_base': '/ros_workspace_2025/ros2_docker/testing_ws/install/main', 'merge_install': False, 'path': '/ros_workspace_2025/ros2_docker/testing_ws/src/main', 'symlink_install': False, 'test_result_base': None}
[0.765s] Level 5:colcon.colcon_core.verb:set package 'px4_msgs' build argument 'cmake_args' from command line to 'None'
[0.765s] Level 5:colcon.colcon_core.verb:set package 'px4_msgs' build argument 'cmake_target' from command line to 'None'
[0.765s] Level 5:colcon.colcon_core.verb:set package 'px4_msgs' build argument 'cmake_target_skip_unavailable' from command line to 'False'
[0.765s] Level 5:colcon.colcon_core.verb:set package 'px4_msgs' build argument 'cmake_clean_cache' from command line to 'False'
[0.765s] Level 5:colcon.colcon_core.verb:set package 'px4_msgs' build argument 'cmake_clean_first' from command line to 'False'
[0.765s] Level 5:colcon.colcon_core.verb:set package 'px4_msgs' build argument 'cmake_force_configure' from command line to 'False'
[0.765s] Level 5:colcon.colcon_core.verb:set package 'px4_msgs' build argument 'ament_cmake_args' from command line to 'None'
[0.765s] Level 5:colcon.colcon_core.verb:set package 'px4_msgs' build argument 'catkin_cmake_args' from command line to 'None'
[0.765s] Level 5:colcon.colcon_core.verb:set package 'px4_msgs' build argument 'catkin_skip_building_tests' from command line to 'False'
[0.765s] DEBUG:colcon.colcon_core.verb:Building package 'px4_msgs' with the following arguments: {'ament_cmake_args': None, 'build_base': '/ros_workspace_2025/ros2_docker/testing_ws/build/px4_msgs', 'catkin_cmake_args': None, 'catkin_skip_building_tests': False, 'cmake_args': None, 'cmake_clean_cache': False, 'cmake_clean_first': False, 'cmake_force_configure': False, 'cmake_target': None, 'cmake_target_skip_unavailable': False, 'install_base': '/ros_workspace_2025/ros2_docker/testing_ws/install/px4_msgs', 'merge_install': False, 'path': '/ros_workspace_2025/ros2_docker/testing_ws/src/px4_msgs', 'symlink_install': False, 'test_result_base': None}
[0.766s] INFO:colcon.colcon_core.executor:Executing jobs using 'parallel' executor
[0.768s] DEBUG:colcon.colcon_parallel_executor.executor.parallel:run_until_complete
[0.769s] INFO:colcon.colcon_ros.task.ament_python.build:Building ROS package in '/ros_workspace_2025/ros2_docker/testing_ws/src/main' with build type 'ament_python'
[0.769s] Level 1:colcon.colcon_core.shell:create_environment_hook('main', 'ament_prefix_path')
[0.774s] INFO:colcon.colcon_core.plugin_system:Skipping extension 'colcon_core.shell.bat': Not used on non-Windows systems
[0.774s] INFO:colcon.colcon_core.shell:Creating environment hook '/ros_workspace_2025/ros2_docker/testing_ws/install/main/share/main/hook/ament_prefix_path.ps1'
[0.776s] INFO:colcon.colcon_core.shell:Creating environment descriptor '/ros_workspace_2025/ros2_docker/testing_ws/install/main/share/main/hook/ament_prefix_path.dsv'
[0.777s] INFO:colcon.colcon_core.shell:Creating environment hook '/ros_workspace_2025/ros2_docker/testing_ws/install/main/share/main/hook/ament_prefix_path.sh'
[0.779s] INFO:colcon.colcon_core.shell:Skip shell extension 'powershell' for command environment: Not usable outside of PowerShell
[0.779s] DEBUG:colcon.colcon_core.shell:Skip shell extension 'dsv' for command environment
[0.784s] INFO:colcon.colcon_ros.task.ament_cmake.build:Building ROS package in '/ros_workspace_2025/ros2_docker/testing_ws/src/px4_msgs' with build type 'ament_cmake'
[0.785s] INFO:colcon.colcon_cmake.task.cmake.build:Building CMake package in '/ros_workspace_2025/ros2_docker/testing_ws/src/px4_msgs'
[0.785s] INFO:colcon.colcon_core.shell:Skip shell extension 'powershell' for command environment: Not usable outside of PowerShell
[0.786s] DEBUG:colcon.colcon_core.shell:Skip shell extension 'dsv' for command environment
[1.332s] INFO:colcon.colcon_core.task.python.build:Building Python package in '/ros_workspace_2025/ros2_docker/testing_ws/src/main'
[1.333s] INFO:colcon.colcon_core.shell:Skip shell extension 'powershell' for command environment: Not usable outside of PowerShell
[1.333s] DEBUG:colcon.colcon_core.shell:Skip shell extension 'dsv' for command environment
[1.350s] DEBUG:colcon.colcon_core.event_handler.log_command:Invoking command in '/ros_workspace_2025/ros2_docker/testing_ws/build/px4_msgs': CMAKE_PREFIX_PATH=/opt/ros/humble /usr/bin/cmake --build /ros_workspace_2025/ros2_docker/testing_ws/build/px4_msgs -- -j6 -l6
[2.049s] DEBUG:colcon.colcon_core.event_handler.log_command:Invoking command in '/ros_workspace_2025/ros2_docker/testing_ws/src/main': PYTHONPATH=/ros_workspace_2025/ros2_docker/testing_ws/build/main/prefix_override:/usr/lib/python3/dist-packages/colcon_core/task/python/colcon_distutils_commands:/ros_workspace_2025/ros2_docker/testing_ws/install/main/lib/python3.10/site-packages:${PYTHONPATH} /usr/bin/python3 -W ignore:setup.py install is deprecated -W ignore:easy_install command is deprecated setup.py egg_info --egg-base ../../build/main build --build-base /ros_workspace_2025/ros2_docker/testing_ws/build/main/build install --record /ros_workspace_2025/ros2_docker/testing_ws/build/main/install.log --single-version-externally-managed install_data
[2.756s] DEBUG:colcon.colcon_core.event_handler.log_command:Invoked command in '/ros_workspace_2025/ros2_docker/testing_ws/src/main' returned '0': PYTHONPATH=/ros_workspace_2025/ros2_docker/testing_ws/build/main/prefix_override:/usr/lib/python3/dist-packages/colcon_core/task/python/colcon_distutils_commands:/ros_workspace_2025/ros2_docker/testing_ws/install/main/lib/python3.10/site-packages:${PYTHONPATH} /usr/bin/python3 -W ignore:setup.py install is deprecated -W ignore:easy_install command is deprecated setup.py egg_info --egg-base ../../build/main build --build-base /ros_workspace_2025/ros2_docker/testing_ws/build/main/build install --record /ros_workspace_2025/ros2_docker/testing_ws/build/main/install.log --single-version-externally-managed install_data
[2.762s] Level 1:colcon.colcon_core.environment:checking '/ros_workspace_2025/ros2_docker/testing_ws/install/main' for CMake module files
[2.763s] Level 1:colcon.colcon_core.environment:checking '/ros_workspace_2025/ros2_docker/testing_ws/install/main' for CMake config files
[2.766s] Level 1:colcon.colcon_core.environment:checking '/ros_workspace_2025/ros2_docker/testing_ws/install/main/lib'
[2.767s] Level 1:colcon.colcon_core.environment:checking '/ros_workspace_2025/ros2_docker/testing_ws/install/main/bin'
[2.768s] Level 1:colcon.colcon_core.environment:checking '/ros_workspace_2025/ros2_docker/testing_ws/install/main/lib/pkgconfig/main.pc'
[2.769s] Level 1:colcon.colcon_core.environment:checking '/ros_workspace_2025/ros2_docker/testing_ws/install/main/lib/python3.10/site-packages'
[2.769s] Level 1:colcon.colcon_core.shell:create_environment_hook('main', 'pythonpath')
[2.770s] INFO:colcon.colcon_core.shell:Creating environment hook '/ros_workspace_2025/ros2_docker/testing_ws/install/main/share/main/hook/pythonpath.ps1'
[2.771s] INFO:colcon.colcon_core.shell:Creating environment descriptor '/ros_workspace_2025/ros2_docker/testing_ws/install/main/share/main/hook/pythonpath.dsv'
[2.773s] INFO:colcon.colcon_core.shell:Creating environment hook '/ros_workspace_2025/ros2_docker/testing_ws/install/main/share/main/hook/pythonpath.sh'
[2.775s] Level 1:colcon.colcon_core.environment:checking '/ros_workspace_2025/ros2_docker/testing_ws/install/main/bin'
[2.775s] Level 1:colcon.colcon_core.environment:create_environment_scripts_only(main)
[2.776s] INFO:colcon.colcon_core.shell:Creating package script '/ros_workspace_2025/ros2_docker/testing_ws/install/main/share/main/package.ps1'
[2.779s] INFO:colcon.colcon_core.shell:Creating package descriptor '/ros_workspace_2025/ros2_docker/testing_ws/install/main/share/main/package.dsv'
[2.780s] INFO:colcon.colcon_core.shell:Creating package script '/ros_workspace_2025/ros2_docker/testing_ws/install/main/share/main/package.sh'
[2.782s] INFO:colcon.colcon_core.shell:Creating package script '/ros_workspace_2025/ros2_docker/testing_ws/install/main/share/main/package.bash'
[2.785s] INFO:colcon.colcon_core.shell:Creating package script '/ros_workspace_2025/ros2_docker/testing_ws/install/main/share/main/package.zsh'
[2.786s] Level 1:colcon.colcon_core.environment:create_file_with_runtime_dependencies(/ros_workspace_2025/ros2_docker/testing_ws/install/main/share/colcon-core/packages/main)
[3.191s] DEBUG:colcon.colcon_core.event_handler.log_command:Invoked command in '/ros_workspace_2025/ros2_docker/testing_ws/build/px4_msgs' returned '0': CMAKE_PREFIX_PATH=/opt/ros/humble /usr/bin/cmake --build /ros_workspace_2025/ros2_docker/testing_ws/build/px4_msgs -- -j6 -l6
[3.216s] DEBUG:colcon.colcon_core.event_handler.log_command:Invoking command in '/ros_workspace_2025/ros2_docker/testing_ws/build/px4_msgs': CMAKE_PREFIX_PATH=/opt/ros/humble /usr/bin/cmake --install /ros_workspace_2025/ros2_docker/testing_ws/build/px4_msgs
[3.868s] Level 1:colcon.colcon_core.environment:create_environment_scripts_only(px4_msgs)
[3.869s] Level 1:colcon.colcon_core.environment:checking '/ros_workspace_2025/ros2_docker/testing_ws/install/px4_msgs' for CMake module files
[3.874s] Level 1:colcon.colcon_core.environment:checking '/ros_workspace_2025/ros2_docker/testing_ws/install/px4_msgs' for CMake config files
[3.884s] Level 1:colcon.colcon_core.shell:create_environment_hook('px4_msgs', 'cmake_prefix_path')
[3.885s] INFO:colcon.colcon_core.shell:Creating environment hook '/ros_workspace_2025/ros2_docker/testing_ws/install/px4_msgs/share/px4_msgs/hook/cmake_prefix_path.ps1'
[3.888s] INFO:colcon.colcon_core.shell:Creating environment descriptor '/ros_workspace_2025/ros2_docker/testing_ws/install/px4_msgs/share/px4_msgs/hook/cmake_prefix_path.dsv'
[3.889s] INFO:colcon.colcon_core.shell:Creating environment hook '/ros_workspace_2025/ros2_docker/testing_ws/install/px4_msgs/share/px4_msgs/hook/cmake_prefix_path.sh'
[3.891s] Level 1:colcon.colcon_core.environment:checking '/ros_workspace_2025/ros2_docker/testing_ws/install/px4_msgs/lib'
[3.892s] Level 1:colcon.colcon_core.shell:create_environment_hook('px4_msgs', 'ld_library_path_lib')
[3.893s] INFO:colcon.colcon_core.shell:Creating environment hook '/ros_workspace_2025/ros2_docker/testing_ws/install/px4_msgs/share/px4_msgs/hook/ld_library_path_lib.ps1'
[3.894s] INFO:colcon.colcon_core.shell:Creating environment descriptor '/ros_workspace_2025/ros2_docker/testing_ws/install/px4_msgs/share/px4_msgs/hook/ld_library_path_lib.dsv'
[3.896s] INFO:colcon.colcon_core.shell:Creating environment hook '/ros_workspace_2025/ros2_docker/testing_ws/install/px4_msgs/share/px4_msgs/hook/ld_library_path_lib.sh'
[3.897s] Level 1:colcon.colcon_core.environment:checking '/ros_workspace_2025/ros2_docker/testing_ws/install/px4_msgs/bin'
[3.897s] Level 1:colcon.colcon_core.environment:checking '/ros_workspace_2025/ros2_docker/testing_ws/install/px4_msgs/lib/pkgconfig/px4_msgs.pc'
[3.898s] Level 1:colcon.colcon_core.environment:checking '/ros_workspace_2025/ros2_docker/testing_ws/install/px4_msgs/lib/python3.10/site-packages'
[3.899s] Level 1:colcon.colcon_core.environment:checking '/ros_workspace_2025/ros2_docker/testing_ws/install/px4_msgs/bin'
[3.900s] INFO:colcon.colcon_core.shell:Creating package script '/ros_workspace_2025/ros2_docker/testing_ws/install/px4_msgs/share/px4_msgs/package.ps1'
[3.901s] INFO:colcon.colcon_core.shell:Creating package descriptor '/ros_workspace_2025/ros2_docker/testing_ws/install/px4_msgs/share/px4_msgs/package.dsv'
[3.903s] INFO:colcon.colcon_core.shell:Creating package script '/ros_workspace_2025/ros2_docker/testing_ws/install/px4_msgs/share/px4_msgs/package.sh'
[3.904s] INFO:colcon.colcon_core.shell:Creating package script '/ros_workspace_2025/ros2_docker/testing_ws/install/px4_msgs/share/px4_msgs/package.bash'
[3.905s] INFO:colcon.colcon_core.shell:Creating package script '/ros_workspace_2025/ros2_docker/testing_ws/install/px4_msgs/share/px4_msgs/package.zsh'
[3.907s] Level 1:colcon.colcon_core.environment:create_file_with_runtime_dependencies(/ros_workspace_2025/ros2_docker/testing_ws/install/px4_msgs/share/colcon-core/packages/px4_msgs)
[3.909s] Level 1:colcon.colcon_core.environment:create_environment_scripts_only(px4_msgs)
[3.910s] Level 1:colcon.colcon_core.environment:checking '/ros_workspace_2025/ros2_docker/testing_ws/install/px4_msgs' for CMake module files
[3.913s] Level 1:colcon.colcon_core.environment:checking '/ros_workspace_2025/ros2_docker/testing_ws/install/px4_msgs' for CMake config files
[3.925s] Level 1:colcon.colcon_core.shell:create_environment_hook('px4_msgs', 'cmake_prefix_path')
[3.925s] INFO:colcon.colcon_core.shell:Creating environment hook '/ros_workspace_2025/ros2_docker/testing_ws/install/px4_msgs/share/px4_msgs/hook/cmake_prefix_path.ps1'
[3.927s] INFO:colcon.colcon_core.shell:Creating environment descriptor '/ros_workspace_2025/ros2_docker/testing_ws/install/px4_msgs/share/px4_msgs/hook/cmake_prefix_path.dsv'
[3.928s] INFO:colcon.colcon_core.shell:Creating environment hook '/ros_workspace_2025/ros2_docker/testing_ws/install/px4_msgs/share/px4_msgs/hook/cmake_prefix_path.sh'
[3.930s] Level 1:colcon.colcon_core.environment:checking '/ros_workspace_2025/ros2_docker/testing_ws/install/px4_msgs/lib'
[3.930s] Level 1:colcon.colcon_core.shell:create_environment_hook('px4_msgs', 'ld_library_path_lib')
[3.931s] INFO:colcon.colcon_core.shell:Creating environment hook '/ros_workspace_2025/ros2_docker/testing_ws/install/px4_msgs/share/px4_msgs/hook/ld_library_path_lib.ps1'
[3.932s] INFO:colcon.colcon_core.shell:Creating environment descriptor '/ros_workspace_2025/ros2_docker/testing_ws/install/px4_msgs/share/px4_msgs/hook/ld_library_path_lib.dsv'
[3.933s] INFO:colcon.colcon_core.shell:Creating environment hook '/ros_workspace_2025/ros2_docker/testing_ws/install/px4_msgs/share/px4_msgs/hook/ld_library_path_lib.sh'
[3.935s] Level 1:colcon.colcon_core.environment:checking '/ros_workspace_2025/ros2_docker/testing_ws/install/px4_msgs/bin'
[3.935s] Level 1:colcon.colcon_core.environment:checking '/ros_workspace_2025/ros2_docker/testing_ws/install/px4_msgs/lib/pkgconfig/px4_msgs.pc'
[3.935s] Level 1:colcon.colcon_core.environment:checking '/ros_workspace_2025/ros2_docker/testing_ws/install/px4_msgs/lib/python3.10/site-packages'
[3.936s] Level 1:colcon.colcon_core.environment:checking '/ros_workspace_2025/ros2_docker/testing_ws/install/px4_msgs/bin'
[3.937s] INFO:colcon.colcon_core.shell:Creating package script '/ros_workspace_2025/ros2_docker/testing_ws/install/px4_msgs/share/px4_msgs/package.ps1'
[3.938s] INFO:colcon.colcon_core.shell:Creating package descriptor '/ros_workspace_2025/ros2_docker/testing_ws/install/px4_msgs/share/px4_msgs/package.dsv'
[3.940s] INFO:colcon.colcon_core.shell:Creating package script '/ros_workspace_2025/ros2_docker/testing_ws/install/px4_msgs/share/px4_msgs/package.sh'
[3.941s] INFO:colcon.colcon_core.shell:Creating package script '/ros_workspace_2025/ros2_docker/testing_ws/install/px4_msgs/share/px4_msgs/package.bash'
[3.943s] INFO:colcon.colcon_core.shell:Creating package script '/ros_workspace_2025/ros2_docker/testing_ws/install/px4_msgs/share/px4_msgs/package.zsh'
[3.944s] Level 1:colcon.colcon_core.environment:create_file_with_runtime_dependencies(/ros_workspace_2025/ros2_docker/testing_ws/install/px4_msgs/share/colcon-core/packages/px4_msgs)
[3.945s] DEBUG:colcon.colcon_parallel_executor.executor.parallel:closing loop
[3.945s] DEBUG:colcon.colcon_parallel_executor.executor.parallel:loop closed
[3.946s] DEBUG:colcon.colcon_parallel_executor.executor.parallel:run_until_complete finished with '0'
[3.946s] DEBUG:colcon.colcon_core.event_reactor:joining thread
[4.048s] DEBUG:colcon.colcon_core.event_handler.log_command:Invoked command in '/ros_workspace_2025/ros2_docker/testing_ws/build/px4_msgs' returned '0': CMAKE_PREFIX_PATH=/opt/ros/humble /usr/bin/cmake --install /ros_workspace_2025/ros2_docker/testing_ws/build/px4_msgs
[4.060s] INFO:colcon.colcon_core.plugin_system:Skipping extension 'colcon_notification.desktop_notification.notify_send': Could not find 'notify-send'
[4.060s] INFO:colcon.colcon_core.plugin_system:Skipping extension 'colcon_notification.desktop_notification.terminal_notifier': Not used on non-Darwin systems
[4.060s] INFO:colcon.colcon_core.plugin_system:Skipping extension 'colcon_notification.desktop_notification.win32': Not used on non-Windows systems
[4.060s] INFO:colcon.colcon_notification.desktop_notification:Sending desktop notification using 'notify2'
[4.060s] DEBUG:colcon.colcon_notification.desktop_notification.notify2:Failed to initialize notify2: org.freedesktop.DBus.Error.NotSupported: Unable to autolaunch a dbus-daemon without a $DISPLAY for X11
[4.061s] DEBUG:colcon.colcon_core.event_reactor:joined thread
[4.061s] INFO:colcon.colcon_core.shell:Creating prefix script '/ros_workspace_2025/ros2_docker/testing_ws/install/local_setup.ps1'
[4.064s] INFO:colcon.colcon_core.shell:Creating prefix util module '/ros_workspace_2025/ros2_docker/testing_ws/install/_local_setup_util_ps1.py'
[4.067s] INFO:colcon.colcon_core.shell:Creating prefix chain script '/ros_workspace_2025/ros2_docker/testing_ws/install/setup.ps1'
[4.068s] INFO:colcon.colcon_core.shell:Creating prefix script '/ros_workspace_2025/ros2_docker/testing_ws/install/local_setup.sh'
[4.070s] INFO:colcon.colcon_core.shell:Creating prefix util module '/ros_workspace_2025/ros2_docker/testing_ws/install/_local_setup_util_sh.py'
[4.071s] INFO:colcon.colcon_core.shell:Creating prefix chain script '/ros_workspace_2025/ros2_docker/testing_ws/install/setup.sh'
[4.073s] INFO:colcon.colcon_core.shell:Creating prefix script '/ros_workspace_2025/ros2_docker/testing_ws/install/local_setup.bash'
[4.074s] INFO:colcon.colcon_core.shell:Creating prefix chain script '/ros_workspace_2025/ros2_docker/testing_ws/install/setup.bash'
[4.076s] INFO:colcon.colcon_core.shell:Creating prefix script '/ros_workspace_2025/ros2_docker/testing_ws/install/local_setup.zsh'
[4.077s] INFO:colcon.colcon_core.shell:Creating prefix chain script '/ros_workspace_2025/ros2_docker/testing_ws/install/setup.zsh'
