running egg_info
creating ../../build/main/main.egg-info
writing ../../build/main/main.egg-info/PKG-INFO
writing dependency_links to ../../build/main/main.egg-info/dependency_links.txt
writing entry points to ../../build/main/main.egg-info/entry_points.txt
writing requirements to ../../build/main/main.egg-info/requires.txt
writing top-level names to ../../build/main/main.egg-info/top_level.txt
writing manifest file '../../build/main/main.egg-info/SOURCES.txt'
reading manifest file '../../build/main/main.egg-info/SOURCES.txt'
writing manifest file '../../build/main/main.egg-info/SOURCES.txt'
running build
running build_py
creating /ros_workspace_2025/ros2_docker/testing_ws/build/main/build
creating /ros_workspace_2025/ros2_docker/testing_ws/build/main/build/lib
creating /ros_workspace_2025/ros2_docker/testing_ws/build/main/build/lib/main
copying main/__init__.py -> /ros_workspace_2025/ros2_docker/testing_ws/build/main/build/lib/main
running install
running install_lib
creating /ros_workspace_2025/ros2_docker/testing_ws/install/main/lib/python3.10/site-packages/main
copying /ros_workspace_2025/ros2_docker/testing_ws/build/main/build/lib/main/__init__.py -> /ros_workspace_2025/ros2_docker/testing_ws/install/main/lib/python3.10/site-packages/main
byte-compiling /ros_workspace_2025/ros2_docker/testing_ws/install/main/lib/python3.10/site-packages/main/__init__.py to __init__.cpython-310.pyc
running install_data
creating /ros_workspace_2025/ros2_docker/testing_ws/install/main/share/ament_index
creating /ros_workspace_2025/ros2_docker/testing_ws/install/main/share/ament_index/resource_index
creating /ros_workspace_2025/ros2_docker/testing_ws/install/main/share/ament_index/resource_index/packages
copying resource/main -> /ros_workspace_2025/ros2_docker/testing_ws/install/main/share/ament_index/resource_index/packages
copying package.xml -> /ros_workspace_2025/ros2_docker/testing_ws/install/main/share/main
running install_egg_info
Copying ../../build/main/main.egg-info to /ros_workspace_2025/ros2_docker/testing_ws/install/main/lib/python3.10/site-packages/main-0.0.0-py3.10.egg-info
running install_scripts
writing list of installed files to '/ros_workspace_2025/ros2_docker/testing_ws/build/main/install.log'
