[1.385s] Invoking command in '/ros_workspace_2025/ros2_docker/testing_ws/src/main': PYTHONPATH=/ros_workspace_2025/ros2_docker/testing_ws/build/main/prefix_override:/usr/lib/python3/dist-packages/colcon_core/task/python/colcon_distutils_commands:/ros_workspace_2025/ros2_docker/testing_ws/install/main/lib/python3.10/site-packages:${PYTHONPATH} /usr/bin/python3 -W ignore:setup.py install is deprecated -W ignore:easy_install command is deprecated setup.py egg_info --egg-base ../../build/main build --build-base /ros_workspace_2025/ros2_docker/testing_ws/build/main/build install --record /ros_workspace_2025/ros2_docker/testing_ws/build/main/install.log --single-version-externally-managed install_data
[1.896s] running egg_info
[1.898s] creating ../../build/main/main.egg-info
[1.898s] writing ../../build/main/main.egg-info/PKG-INFO
[1.899s] writing dependency_links to ../../build/main/main.egg-info/dependency_links.txt
[1.899s] writing entry points to ../../build/main/main.egg-info/entry_points.txt
[1.899s] writing requirements to ../../build/main/main.egg-info/requires.txt
[1.899s] writing top-level names to ../../build/main/main.egg-info/top_level.txt
[1.900s] writing manifest file '../../build/main/main.egg-info/SOURCES.txt'
[1.903s] reading manifest file '../../build/main/main.egg-info/SOURCES.txt'
[1.904s] writing manifest file '../../build/main/main.egg-info/SOURCES.txt'
[1.904s] running build
[1.905s] running build_py
[1.905s] creating /ros_workspace_2025/ros2_docker/testing_ws/build/main/build
[1.905s] creating /ros_workspace_2025/ros2_docker/testing_ws/build/main/build/lib
[1.905s] creating /ros_workspace_2025/ros2_docker/testing_ws/build/main/build/lib/main
[1.905s] copying main/__init__.py -> /ros_workspace_2025/ros2_docker/testing_ws/build/main/build/lib/main
[1.906s] running install
[1.906s] running install_lib
[1.908s] creating /ros_workspace_2025/ros2_docker/testing_ws/install/main/lib/python3.10/site-packages/main
[1.908s] copying /ros_workspace_2025/ros2_docker/testing_ws/build/main/build/lib/main/__init__.py -> /ros_workspace_2025/ros2_docker/testing_ws/install/main/lib/python3.10/site-packages/main
[1.909s] byte-compiling /ros_workspace_2025/ros2_docker/testing_ws/install/main/lib/python3.10/site-packages/main/__init__.py to __init__.cpython-310.pyc
[1.909s] running install_data
[1.910s] creating /ros_workspace_2025/ros2_docker/testing_ws/install/main/share/ament_index
[1.910s] creating /ros_workspace_2025/ros2_docker/testing_ws/install/main/share/ament_index/resource_index
[1.910s] creating /ros_workspace_2025/ros2_docker/testing_ws/install/main/share/ament_index/resource_index/packages
[1.911s] copying resource/main -> /ros_workspace_2025/ros2_docker/testing_ws/install/main/share/ament_index/resource_index/packages
[1.911s] copying package.xml -> /ros_workspace_2025/ros2_docker/testing_ws/install/main/share/main
[1.911s] running install_egg_info
[1.915s] Copying ../../build/main/main.egg-info to /ros_workspace_2025/ros2_docker/testing_ws/install/main/lib/python3.10/site-packages/main-0.0.0-py3.10.egg-info
[1.917s] running install_scripts
[1.961s] writing list of installed files to '/ros_workspace_2025/ros2_docker/testing_ws/build/main/install.log'
[2.028s] Invoked command in '/ros_workspace_2025/ros2_docker/testing_ws/src/main' returned '0': PYTHONPATH=/ros_workspace_2025/ros2_docker/testing_ws/build/main/prefix_override:/usr/lib/python3/dist-packages/colcon_core/task/python/colcon_distutils_commands:/ros_workspace_2025/ros2_docker/testing_ws/install/main/lib/python3.10/site-packages:${PYTHONPATH} /usr/bin/python3 -W ignore:setup.py install is deprecated -W ignore:easy_install command is deprecated setup.py egg_info --egg-base ../../build/main build --build-base /ros_workspace_2025/ros2_docker/testing_ws/build/main/build install --record /ros_workspace_2025/ros2_docker/testing_ws/build/main/install.log --single-version-externally-managed install_data
